<?xml version="1.0" encoding="UTF-8"?>
<testng-results ignored="0" total="1" passed="1" failed="0" skipped="0">
  <reporter-output>
  </reporter-output>
  <suite started-at="2024-05-15T16:27:29 BST" name="Technical Test NHS Search Suite" finished-at="2024-05-15T16:27:50 BST" duration-ms="20358">
    <groups>
      <group name="cucumber">
        <method signature="AbstractTestNGCucumberTests.runScenario(io.cucumber.testng.PickleWrapper,io.cucumber.testng.FeatureWrapper)[pri:0, instance:runner.TestRunner@1329eff]" name="runScenario" class="io.cucumber.testng.AbstractTestNGCucumberTests"/>
      </group> <!-- cucumber -->
    </groups>
    <test started-at="2024-05-15T16:27:29 BST" name="Search Page Tests" finished-at="2024-05-15T16:27:50 BST" duration-ms="20358">
      <class name="runner.TestRunner">
        <test-method is-config="true" signature="setUpClass(org.testng.ITestContext)[pri:0, instance:runner.TestRunner@1329eff]" started-at="2024-05-15T16:27:29 BST" name="setUpClass" finished-at="2024-05-15T16:27:31 BST" duration-ms="1258" status="PASS">
          <params>
            <param index="0">
              <value>
                <![CDATA[org.testng.TestRunner@2ea41516]]>
              </value>
            </param>
          </params>
          <reporter-output>
          </reporter-output>
        </test-method> <!-- setUpClass -->
        <test-method signature="runScenario(io.cucumber.testng.PickleWrapper,io.cucumber.testng.FeatureWrapper)[pri:0, instance:runner.TestRunner@1329eff]" started-at="2024-05-15T16:27:31 BST" name="runScenario" description="Runs Cucumber Scenarios" data-provider="scenarios" finished-at="2024-05-15T16:27:49 BST" duration-ms="18241" status="PASS">
          <params>
            <param index="0">
              <value>
                <![CDATA["Successful search jobs with default input values on what and where fields"]]>
              </value>
            </param>
            <param index="1">
              <value>
                <![CDATA["Search Functionality for NHS Jobs website"]]>
              </value>
            </param>
          </params>
          <reporter-output>
          </reporter-output>
        </test-method> <!-- runScenario -->
        <test-method is-config="true" signature="tearDownClass()[pri:0, instance:runner.TestRunner@1329eff]" started-at="2024-05-15T16:27:49 BST" name="tearDownClass" finished-at="2024-05-15T16:27:50 BST" duration-ms="824" status="PASS">
          <reporter-output>
          </reporter-output>
        </test-method> <!-- tearDownClass -->
      </class> <!-- runner.TestRunner -->
    </test> <!-- Search Page Tests -->
  </suite> <!-- Technical Test NHS Search Suite -->
</testng-results>
